  [1m[36m (20.1ms)[0m  [1mCREATE TABLE "schema_migrations" ("version" varchar(255) NOT NULL) [0m
  [1m[35m (0.2ms)[0m  select sqlite_version(*)
  [1m[36m (16.7ms)[0m  [1mCREATE UNIQUE INDEX "unique_schema_migrations" ON "schema_migrations" ("version")[0m
  [1m[35mActiveRecord::SchemaMigration Load (0.2ms)[0m  SELECT "schema_migrations".* FROM "schema_migrations"
  [1m[36mActiveRecord::SchemaMigration Load (0.2ms)[0m  [1mSELECT "schema_migrations".* FROM "schema_migrations"[0m
Migrating to CreateEvents (20150306160413)
  [1m[35m (0.1ms)[0m  begin transaction
  [1m[36m (0.7ms)[0m  [1mCREATE TABLE "events" ("id" INTEGER PRIMARY KEY AUTOINCREMENT NOT NULL, "name" varchar(255), "created_at" datetime, "updated_at" datetime) [0m
  [1m[35mSQL (0.3ms)[0m  INSERT INTO "schema_migrations" ("version") VALUES (?)  [["version", "20150306160413"]]
  [1m[36m (15.1ms)[0m  [1mcommit transaction[0m
Migrating to CreateLocations (20150306160428)
  [1m[35m (0.1ms)[0m  begin transaction
  [1m[36m (0.7ms)[0m  [1mCREATE TABLE "locations" ("id" INTEGER PRIMARY KEY AUTOINCREMENT NOT NULL, "name" varchar(255), "tag" varchar(255), "created_at" datetime, "updated_at" datetime) [0m
  [1m[35mSQL (0.2ms)[0m  INSERT INTO "schema_migrations" ("version") VALUES (?)  [["version", "20150306160428"]]
  [1m[36m (13.5ms)[0m  [1mcommit transaction[0m
Migrating to CreateEventsLocations (20150306160536)
  [1m[35m (0.1ms)[0m  begin transaction
  [1m[36m (0.4ms)[0m  [1mCREATE TABLE "events_locations" ("location_id" integer, "event_id" integer) [0m
  [1m[35m (0.1ms)[0m  select sqlite_version(*)
  [1m[36m (0.2ms)[0m  [1mCREATE  INDEX "index_events_locations_on_location_id" ON "events_locations" ("location_id")[0m
  [1m[35m (0.2ms)[0m              SELECT sql
            FROM sqlite_master
            WHERE name='index_events_locations_on_location_id' AND type='index'
            UNION ALL
            SELECT sql
            FROM sqlite_temp_master
            WHERE name='index_events_locations_on_location_id' AND type='index'

  [1m[36m (0.1ms)[0m  [1mCREATE  INDEX "index_events_locations_on_event_id" ON "events_locations" ("event_id")[0m
  [1m[35mSQL (0.1ms)[0m  INSERT INTO "schema_migrations" ("version") VALUES (?)  [["version", "20150306160536"]]
  [1m[36m (11.0ms)[0m  [1mcommit transaction[0m
  [1m[35mActiveRecord::SchemaMigration Load (0.1ms)[0m  SELECT "schema_migrations".* FROM "schema_migrations"
  [1m[36m (0.3ms)[0m  [1m            SELECT sql
            FROM sqlite_master
            WHERE name='index_events_locations_on_event_id' AND type='index'
            UNION ALL
            SELECT sql
            FROM sqlite_temp_master
            WHERE name='index_events_locations_on_event_id' AND type='index'
[0m
  [1m[35m (0.3ms)[0m              SELECT sql
            FROM sqlite_master
            WHERE name='index_events_locations_on_location_id' AND type='index'
            UNION ALL
            SELECT sql
            FROM sqlite_temp_master
            WHERE name='index_events_locations_on_location_id' AND type='index'

  [1m[36mActiveRecord::SchemaMigration Load (0.2ms)[0m  [1mSELECT "schema_migrations".* FROM "schema_migrations"[0m
  [1m[35m (0.2ms)[0m  begin transaction
  [1m[36mSQL (0.6ms)[0m  [1mINSERT INTO "events" ("created_at", "name", "updated_at") VALUES (?, ?, ?)[0m  [["created_at", "2015-03-08 20:07:59.169731"], ["name", "Event 1"], ["updated_at", "2015-03-08 20:07:59.169731"]]
  [1m[35m (12.4ms)[0m  commit transaction
  [1m[36m (0.1ms)[0m  [1mbegin transaction[0m
  [1m[35mSQL (0.3ms)[0m  INSERT INTO "events" ("created_at", "name", "updated_at") VALUES (?, ?, ?)  [["created_at", "2015-03-08 20:07:59.187672"], ["name", "Event 2"], ["updated_at", "2015-03-08 20:07:59.187672"]]
  [1m[36m (12.3ms)[0m  [1mcommit transaction[0m
  [1m[35m (0.1ms)[0m  begin transaction
  [1m[36mSQL (0.3ms)[0m  [1mINSERT INTO "locations" ("created_at", "name", "tag", "updated_at") VALUES (?, ?, ?, ?)[0m  [["created_at", "2015-03-08 20:07:59.212206"], ["name", "Location 1"], ["tag", "Vqz3x0Mt"], ["updated_at", "2015-03-08 20:07:59.212206"]]
  [1m[35m (10.9ms)[0m  commit transaction
  [1m[36m (0.1ms)[0m  [1mbegin transaction[0m
  [1m[35mSQL (0.4ms)[0m  INSERT INTO "locations" ("created_at", "name", "tag", "updated_at") VALUES (?, ?, ?, ?)  [["created_at", "2015-03-08 20:07:59.225515"], ["name", "Location 2"], ["tag", "oCOhQ9iD"], ["updated_at", "2015-03-08 20:07:59.225515"]]
  [1m[36m (11.1ms)[0m  [1mcommit transaction[0m
  [1m[35m (0.1ms)[0m  begin transaction
  [1m[36mSQL (0.5ms)[0m  [1mINSERT INTO "locations" ("created_at", "name", "tag", "updated_at") VALUES (?, ?, ?, ?)[0m  [["created_at", "2015-03-08 20:07:59.238718"], ["name", "Location 3"], ["tag", "uj2yxVZI"], ["updated_at", "2015-03-08 20:07:59.238718"]]
  [1m[35m (10.4ms)[0m  commit transaction
  [1m[36m (0.1ms)[0m  [1mbegin transaction[0m
  [1m[35mSQL (0.3ms)[0m  INSERT INTO "locations" ("created_at", "name", "tag", "updated_at") VALUES (?, ?, ?, ?)  [["created_at", "2015-03-08 20:07:59.251210"], ["name", "Location 4"], ["tag", "gM6LXYE7"], ["updated_at", "2015-03-08 20:07:59.251210"]]
  [1m[36m (10.2ms)[0m  [1mcommit transaction[0m
  [1m[35m (0.1ms)[0m  begin transaction
  [1m[36mSQL (0.3ms)[0m  [1mINSERT INTO "locations" ("created_at", "name", "tag", "updated_at") VALUES (?, ?, ?, ?)[0m  [["created_at", "2015-03-08 20:07:59.263436"], ["name", "Location 5"], ["tag", "xPs7Ro0B"], ["updated_at", "2015-03-08 20:07:59.263436"]]
  [1m[35m (11.9ms)[0m  commit transaction


Started GET "/" for 70.180.154.100 at 2015-03-08 20:09:36 +0000
  [1m[36mActiveRecord::SchemaMigration Load (0.2ms)[0m  [1mSELECT "schema_migrations".* FROM "schema_migrations"[0m
Processing by Rails::WelcomeController#index as HTML
  Rendered /usr/local/rvm/gems/ruby-2.1.5@rails4/gems/railties-4.1.8/lib/rails/templates/rails/welcome/index.html.erb (3.4ms)
Completed 200 OK in 24ms (Views: 13.8ms | ActiveRecord: 0.0ms)


Started GET "/" for 70.180.154.100 at 2015-03-08 20:09:40 +0000
Processing by Rails::WelcomeController#index as HTML
  Rendered /usr/local/rvm/gems/ruby-2.1.5@rails4/gems/railties-4.1.8/lib/rails/templates/rails/welcome/index.html.erb (0.1ms)
Completed 200 OK in 3ms (Views: 2.1ms | ActiveRecord: 0.0ms)


Started GET "/events" for 70.180.154.100 at 2015-03-08 20:09:46 +0000
Processing by EventsController#index as HTML
  [1m[35mEvent Load (0.3ms)[0m  SELECT "events".* FROM "events"
  Rendered events/index.html.erb within layouts/application (8.6ms)
Completed 200 OK in 1239ms (Views: 1221.2ms | ActiveRecord: 0.9ms)


Started GET "/assets/events.css?body=1" for 70.180.154.100 at 2015-03-08 20:09:48 +0000


Started GET "/assets/jquery_ujs.js?body=1" for 70.180.154.100 at 2015-03-08 20:09:48 +0000


Started GET "/assets/application.css?body=1" for 70.180.154.100 at 2015-03-08 20:09:48 +0000


Started GET "/assets/events.js?body=1" for 70.180.154.100 at 2015-03-08 20:09:48 +0000


Started GET "/assets/scaffolds.css?body=1" for 70.180.154.100 at 2015-03-08 20:09:48 +0000


Started GET "/assets/turbolinks.js?body=1" for 70.180.154.100 at 2015-03-08 20:09:48 +0000


Started GET "/assets/locations.js?body=1" for 70.180.154.100 at 2015-03-08 20:09:48 +0000


Started GET "/assets/application.js?body=1" for 70.180.154.100 at 2015-03-08 20:09:48 +0000


Started GET "/assets/jquery.js?body=1" for 70.180.154.100 at 2015-03-08 20:09:48 +0000


Started GET "/assets/locations.css?body=1" for 70.180.154.100 at 2015-03-08 20:09:48 +0000


Started GET "/events/1" for 70.180.154.100 at 2015-03-08 20:09:53 +0000
Processing by EventsController#show as HTML
  Parameters: {"id"=>"1"}
  [1m[36mEvent Load (0.5ms)[0m  [1mSELECT  "events".* FROM "events"  WHERE "events"."id" = ? LIMIT 1[0m  [["id", 1]]
  Rendered events/show.html.erb within layouts/application (1.4ms)
Completed 200 OK in 117ms (Views: 110.1ms | ActiveRecord: 0.5ms)


Started GET "/events" for 70.180.154.100 at 2015-03-08 20:09:55 +0000
Processing by EventsController#index as HTML
  [1m[35mEvent Load (0.3ms)[0m  SELECT "events".* FROM "events"
  Rendered events/index.html.erb within layouts/application (3.0ms)
Completed 200 OK in 65ms (Views: 63.2ms | ActiveRecord: 0.3ms)


Started GET "/events/1/edit" for 70.180.154.100 at 2015-03-08 20:09:56 +0000
Processing by EventsController#edit as HTML
  Parameters: {"id"=>"1"}
  [1m[36mEvent Load (0.3ms)[0m  [1mSELECT  "events".* FROM "events"  WHERE "events"."id" = ? LIMIT 1[0m  [["id", 1]]
  [1m[35mLocation Load (1.1ms)[0m  SELECT "locations".* FROM "locations"
  [1m[36mLocation Exists (0.3ms)[0m  [1mSELECT  1 AS one FROM "locations" INNER JOIN "events_locations" ON "locations"."id" = "events_locations"."location_id" WHERE "events_locations"."event_id" = ? AND "locations"."id" = 1 LIMIT 1[0m  [["event_id", 1]]
  [1m[35mLocation Exists (0.3ms)[0m  SELECT  1 AS one FROM "locations" INNER JOIN "events_locations" ON "locations"."id" = "events_locations"."location_id" WHERE "events_locations"."event_id" = ? AND "locations"."id" = 2 LIMIT 1  [["event_id", 1]]
  [1m[36mLocation Exists (0.3ms)[0m  [1mSELECT  1 AS one FROM "locations" INNER JOIN "events_locations" ON "locations"."id" = "events_locations"."location_id" WHERE "events_locations"."event_id" = ? AND "locations"."id" = 3 LIMIT 1[0m  [["event_id", 1]]
  [1m[35mLocation Exists (0.3ms)[0m  SELECT  1 AS one FROM "locations" INNER JOIN "events_locations" ON "locations"."id" = "events_locations"."location_id" WHERE "events_locations"."event_id" = ? AND "locations"."id" = 4 LIMIT 1  [["event_id", 1]]
  [1m[36mLocation Exists (0.3ms)[0m  [1mSELECT  1 AS one FROM "locations" INNER JOIN "events_locations" ON "locations"."id" = "events_locations"."location_id" WHERE "events_locations"."event_id" = ? AND "locations"."id" = 5 LIMIT 1[0m  [["event_id", 1]]
  Rendered events/_form.html.erb (84.6ms)
  Rendered events/edit.html.erb within layouts/application (93.1ms)
Completed 200 OK in 182ms (Views: 175.8ms | ActiveRecord: 3.8ms)


Started GET "/locations" for 70.180.154.100 at 2015-03-08 20:10:11 +0000
Processing by LocationsController#index as HTML
  [1m[35mLocation Load (0.3ms)[0m  SELECT "locations".* FROM "locations"
  Rendered locations/index.html.erb within layouts/application (4.6ms)
Completed 200 OK in 73ms (Views: 70.6ms | ActiveRecord: 0.3ms)


Started GET "/locations/1/edit" for 70.180.154.100 at 2015-03-08 20:10:14 +0000
Processing by LocationsController#edit as HTML
  Parameters: {"id"=>"1"}
  [1m[36mLocation Load (0.5ms)[0m  [1mSELECT  "locations".* FROM "locations"  WHERE "locations"."id" = ? LIMIT 1[0m  [["id", 1]]
  Rendered locations/_form.html.erb (5.4ms)
  Rendered locations/edit.html.erb within layouts/application (10.1ms)
Completed 200 OK in 87ms (Views: 83.8ms | ActiveRecord: 0.5ms)


Started GET "/locations" for 70.180.154.100 at 2015-03-08 20:10:17 +0000
Processing by LocationsController#index as HTML
  [1m[35mLocation Load (0.3ms)[0m  SELECT "locations".* FROM "locations"
  Rendered locations/index.html.erb within layouts/application (5.2ms)
Completed 200 OK in 90ms (Views: 88.3ms | ActiveRecord: 0.3ms)


Started GET "/locations/1" for 70.180.154.100 at 2015-03-08 20:10:20 +0000
Processing by LocationsController#show as HTML
  Parameters: {"id"=>"1"}
  [1m[36mLocation Load (0.3ms)[0m  [1mSELECT  "locations".* FROM "locations"  WHERE "locations"."id" = ? LIMIT 1[0m  [["id", 1]]
  Rendered locations/show.html.erb within layouts/application (1.1ms)
Completed 200 OK in 69ms (Views: 66.9ms | ActiveRecord: 0.3ms)


Started GET "/locations" for 70.180.154.100 at 2015-03-08 20:10:22 +0000
Processing by LocationsController#index as HTML
  [1m[35mLocation Load (0.3ms)[0m  SELECT "locations".* FROM "locations"
  Rendered locations/index.html.erb within layouts/application (5.1ms)
Completed 200 OK in 71ms (Views: 69.1ms | ActiveRecord: 0.3ms)


Started GET "/locations/1/edit" for 70.180.154.100 at 2015-03-08 20:10:24 +0000
Processing by LocationsController#edit as HTML
  Parameters: {"id"=>"1"}
  [1m[36mLocation Load (0.2ms)[0m  [1mSELECT  "locations".* FROM "locations"  WHERE "locations"."id" = ? LIMIT 1[0m  [["id", 1]]
  Rendered locations/_form.html.erb (2.5ms)
  Rendered locations/edit.html.erb within layouts/application (3.9ms)
Completed 200 OK in 66ms (Views: 64.3ms | ActiveRecord: 0.2ms)


Started GET "/locations" for 70.180.154.100 at 2015-03-08 20:10:26 +0000
Processing by LocationsController#index as HTML
  [1m[35mLocation Load (0.3ms)[0m  SELECT "locations".* FROM "locations"
  Rendered locations/index.html.erb within layouts/application (3.7ms)
Completed 200 OK in 72ms (Views: 70.8ms | ActiveRecord: 0.3ms)


Started GET "/events" for 70.180.154.100 at 2015-03-08 20:10:31 +0000
Processing by EventsController#index as HTML
  [1m[36mEvent Load (0.3ms)[0m  [1mSELECT "events".* FROM "events"[0m
  Rendered events/index.html.erb within layouts/application (2.8ms)
Completed 200 OK in 80ms (Views: 77.2ms | ActiveRecord: 0.3ms)


Started GET "/assets/turbolinks.js?body=1" for 70.180.154.100 at 2015-03-08 20:10:32 +0000


Started GET "/events/2" for 70.180.154.100 at 2015-03-08 20:10:33 +0000
Processing by EventsController#show as HTML
  Parameters: {"id"=>"2"}
  [1m[35mEvent Load (0.2ms)[0m  SELECT  "events".* FROM "events"  WHERE "events"."id" = ? LIMIT 1  [["id", 2]]
  Rendered events/show.html.erb within layouts/application (0.5ms)
Completed 200 OK in 66ms (Views: 63.3ms | ActiveRecord: 0.2ms)


Started GET "/events" for 70.180.154.100 at 2015-03-08 20:10:34 +0000
Processing by EventsController#index as HTML
  [1m[36mEvent Load (0.3ms)[0m  [1mSELECT "events".* FROM "events"[0m
  Rendered events/index.html.erb within layouts/application (2.1ms)
Completed 200 OK in 65ms (Views: 64.1ms | ActiveRecord: 0.3ms)


Started GET "/events/2/edit" for 70.180.154.100 at 2015-03-08 20:10:35 +0000
Processing by EventsController#edit as HTML
  Parameters: {"id"=>"2"}
  [1m[35mEvent Load (0.2ms)[0m  SELECT  "events".* FROM "events"  WHERE "events"."id" = ? LIMIT 1  [["id", 2]]
  [1m[36mLocation Load (0.2ms)[0m  [1mSELECT "locations".* FROM "locations"[0m
  [1m[35mLocation Exists (0.1ms)[0m  SELECT  1 AS one FROM "locations" INNER JOIN "events_locations" ON "locations"."id" = "events_locations"."location_id" WHERE "events_locations"."event_id" = ? AND "locations"."id" = 1 LIMIT 1  [["event_id", 2]]
  [1m[36mLocation Exists (0.1ms)[0m  [1mSELECT  1 AS one FROM "locations" INNER JOIN "events_locations" ON "locations"."id" = "events_locations"."location_id" WHERE "events_locations"."event_id" = ? AND "locations"."id" = 2 LIMIT 1[0m  [["event_id", 2]]
  [1m[35mLocation Exists (0.1ms)[0m  SELECT  1 AS one FROM "locations" INNER JOIN "events_locations" ON "locations"."id" = "events_locations"."location_id" WHERE "events_locations"."event_id" = ? AND "locations"."id" = 3 LIMIT 1  [["event_id", 2]]
  [1m[36mLocation Exists (0.1ms)[0m  [1mSELECT  1 AS one FROM "locations" INNER JOIN "events_locations" ON "locations"."id" = "events_locations"."location_id" WHERE "events_locations"."event_id" = ? AND "locations"."id" = 4 LIMIT 1[0m  [["event_id", 2]]
  [1m[35mLocation Exists (0.1ms)[0m  SELECT  1 AS one FROM "locations" INNER JOIN "events_locations" ON "locations"."id" = "events_locations"."location_id" WHERE "events_locations"."event_id" = ? AND "locations"."id" = 5 LIMIT 1  [["event_id", 2]]
  Rendered events/_form.html.erb (10.7ms)
  Rendered events/edit.html.erb within layouts/application (12.3ms)
Completed 200 OK in 82ms (Views: 78.9ms | ActiveRecord: 1.0ms)


Started GET "/" for 70.180.154.100 at 2015-03-08 20:13:47 +0000
Processing by EventsController#index as HTML
  [1m[36mEvent Load (0.7ms)[0m  [1mSELECT "events".* FROM "events"[0m
  Rendered events/index.html.erb within layouts/application (10.2ms)
Completed 200 OK in 94ms (Views: 82.1ms | ActiveRecord: 1.3ms)


Started GET "/assets/scaffolds.css?body=1" for 70.180.154.100 at 2015-03-08 20:13:47 +0000


Started GET "/assets/application.css?body=1" for 70.180.154.100 at 2015-03-08 20:13:47 +0000


Started GET "/assets/jquery_ujs.js?body=1" for 70.180.154.100 at 2015-03-08 20:13:47 +0000


Started GET "/assets/events.css?body=1" for 70.180.154.100 at 2015-03-08 20:13:47 +0000


Started GET "/assets/locations.css?body=1" for 70.180.154.100 at 2015-03-08 20:13:47 +0000


Started GET "/assets/jquery.js?body=1" for 70.180.154.100 at 2015-03-08 20:13:47 +0000


Started GET "/assets/turbolinks.js?body=1" for 70.180.154.100 at 2015-03-08 20:13:47 +0000


Started GET "/assets/events.js?body=1" for 70.180.154.100 at 2015-03-08 20:13:47 +0000


Started GET "/assets/locations.js?body=1" for 70.180.154.100 at 2015-03-08 20:13:47 +0000


Started GET "/assets/application.js?body=1" for 70.180.154.100 at 2015-03-08 20:13:47 +0000


Started GET "/" for 70.180.154.100 at 2015-03-08 20:13:49 +0000
Processing by EventsController#index as HTML
  [1m[35mEvent Load (0.3ms)[0m  SELECT "events".* FROM "events"
  Rendered events/index.html.erb within layouts/application (2.8ms)
Completed 200 OK in 85ms (Views: 83.3ms | ActiveRecord: 0.3ms)


Started GET "/assets/locations.css?body=1" for 70.180.154.100 at 2015-03-08 20:13:50 +0000


Started GET "/assets/events.css?body=1" for 70.180.154.100 at 2015-03-08 20:13:50 +0000


Started GET "/assets/scaffolds.css?body=1" for 70.180.154.100 at 2015-03-08 20:13:50 +0000


Started GET "/assets/application.css?body=1" for 70.180.154.100 at 2015-03-08 20:13:50 +0000


Started GET "/assets/jquery.js?body=1" for 70.180.154.100 at 2015-03-08 20:13:50 +0000


Started GET "/assets/jquery_ujs.js?body=1" for 70.180.154.100 at 2015-03-08 20:13:50 +0000


Started GET "/assets/turbolinks.js?body=1" for 70.180.154.100 at 2015-03-08 20:13:50 +0000


Started GET "/assets/events.js?body=1" for 70.180.154.100 at 2015-03-08 20:13:50 +0000


Started GET "/assets/locations.js?body=1" for 70.180.154.100 at 2015-03-08 20:13:50 +0000


Started GET "/assets/application.js?body=1" for 70.180.154.100 at 2015-03-08 20:13:50 +0000


Started GET "/events/1/edit" for 70.180.154.100 at 2015-03-08 20:13:55 +0000
Processing by EventsController#edit as HTML
  Parameters: {"id"=>"1"}
  [1m[36mEvent Load (0.3ms)[0m  [1mSELECT  "events".* FROM "events"  WHERE "events"."id" = ? LIMIT 1[0m  [["id", 1]]
  [1m[35mLocation Load (0.4ms)[0m  SELECT "locations".* FROM "locations"
  [1m[36mLocation Exists (0.2ms)[0m  [1mSELECT  1 AS one FROM "locations" INNER JOIN "events_locations" ON "locations"."id" = "events_locations"."location_id" WHERE "events_locations"."event_id" = ? AND "locations"."id" = 1 LIMIT 1[0m  [["event_id", 1]]
  [1m[35mLocation Exists (0.2ms)[0m  SELECT  1 AS one FROM "locations" INNER JOIN "events_locations" ON "locations"."id" = "events_locations"."location_id" WHERE "events_locations"."event_id" = ? AND "locations"."id" = 2 LIMIT 1  [["event_id", 1]]
  [1m[36mLocation Exists (0.2ms)[0m  [1mSELECT  1 AS one FROM "locations" INNER JOIN "events_locations" ON "locations"."id" = "events_locations"."location_id" WHERE "events_locations"."event_id" = ? AND "locations"."id" = 3 LIMIT 1[0m  [["event_id", 1]]
  [1m[35mLocation Exists (0.3ms)[0m  SELECT  1 AS one FROM "locations" INNER JOIN "events_locations" ON "locations"."id" = "events_locations"."location_id" WHERE "events_locations"."event_id" = ? AND "locations"."id" = 4 LIMIT 1  [["event_id", 1]]
  [1m[36mLocation Exists (0.3ms)[0m  [1mSELECT  1 AS one FROM "locations" INNER JOIN "events_locations" ON "locations"."id" = "events_locations"."location_id" WHERE "events_locations"."event_id" = ? AND "locations"."id" = 5 LIMIT 1[0m  [["event_id", 1]]
  Rendered events/_form.html.erb (40.1ms)
  Rendered events/edit.html.erb within layouts/application (42.3ms)
Completed 200 OK in 120ms (Views: 113.8ms | ActiveRecord: 2.7ms)
